Base path: C:/Program Files (x86)/Unity/Editor/Data
Pipe name: \\.\pipe\UnityShaderCompiler-1-6996
Cmd: getPlatforms
Cmd: compileSnippet
  api=8 type=1 insize=6521 outsize=2438 kw= ok=1
Cmd: compileSnippet
  api=8 type=0 insize=6517 outsize=1438 kw= ok=1
Cmd: compileSnippet
  api=8 type=0 insize=6517 outsize=1438 kw= ok=1
Cmd: compileSnippet
  api=8 type=0 insize=6517 outsize=1438 kw= ok=1
Cmd: compileSnippet
  api=8 type=1 insize=6520 outsize=3015 kw= ok=1
Cmd: compileSnippet
  api=8 type=0 insize=6520 outsize=1438 kw= ok=1
Cmd: compileSnippet
  api=1 type=1 insize=6520 outsize=456 kw= ok=1
Cmd: compileSnippet
  api=8 type=1 insize=6534 outsize=2121 kw= ok=1
Cmd: compileSnippet
  api=8 type=0 insize=6527 outsize=1438 kw= ok=1
Cmd: compileSnippet
  api=8 type=0 insize=6532 outsize=1438 kw= ok=1
